<?xml version="1.0" encoding="UTF-8"?>
<!-- Generated by org.testng.reporters.JUnitXMLReporter -->
<testsuite hostname="SDGL618" name="Test" tests="2" failures="0" timestamp="15 Sep 2016 11:56:58 GMT" time="0.157" errors="0">
  <testcase name="@BeforeTest tearUp" time="0.0" classname="com.gmail.testcases.TestGmailLogin">
    <failure type="java.lang.IllegalStateException" message="The driver executable does not exist: C:\POM_DEMO\ExeFiles\chromedriver.exe">
      <![CDATA[java.lang.IllegalStateException: The driver executable does not exist: C:\POM_DEMO\ExeFiles\chromedriver.exe
	at com.google.common.base.Preconditions.checkState(Preconditions.java:199)
	at org.openqa.selenium.remote.service.DriverService.checkExecutable(DriverService.java:121)
	at org.openqa.selenium.remote.service.DriverService.findExecutable(DriverService.java:116)
	at org.openqa.selenium.chrome.ChromeDriverService.access$0(ChromeDriverService.java:1)
	at org.openqa.selenium.chrome.ChromeDriverService$Builder.findDefaultExecutable(ChromeDriverService.java:137)
	at org.openqa.selenium.remote.service.DriverService$Builder.build(DriverService.java:296)
	at org.openqa.selenium.chrome.ChromeDriverService.createDefaultService(ChromeDriverService.java:88)
	at org.openqa.selenium.chrome.ChromeDriver.<init>(ChromeDriver.java:116)
	at com.gmail.testcases.SuperTestNG.tearUp(SuperTestNG.java:25)
... Removed 23 stack frames]]>
    </failure>
  </testcase> <!-- @BeforeTest tearUp -->
  <testcase name="@AfterTest tearDown" time="0.0" classname="com.gmail.testcases.TestGmailLogin">
    <skipped/>
  </testcase> <!-- @AfterTest tearDown -->
  <testcase name="testLoginWithSession" time="0.004" classname="com.gmail.testcases.TestGmailLogin">
    <skipped/>
  </testcase> <!-- testLoginWithSession -->
  <testcase name="testLoginWithoutSession" time="0.003" classname="com.gmail.testcases.TestGmailLogin">
    <skipped/>
  </testcase> <!-- testLoginWithoutSession -->
</testsuite> <!-- Test -->
